CreateDirectory: "C:\Program Files (x86)\python\Lib\site-packages\simplejson" created
File: overwriteflag=0, allowskipfilesflag=2, name="python.ico"
File: wrote 15086 to "C:\Program Files (x86)\python\Lib\site-packages\simplejson\python.ico"
File: overwriteflag=0, allowskipfilesflag=2, name="license.txt"
File: wrote 1056 to "C:\Program Files (x86)\python\Lib\site-packages\simplejson\license.txt"
CreateDirectory: "C:\Program Files (x86)\python\Lib\site-packages" (1)
CreateDirectory: "C:\Program Files (x86)\python\Lib\site-packages" (1)
File: overwriteflag=0, allowskipfilesflag=2, name="simplejson-2.6.2-py2.7.egg-info"
File: wrote 1436 to "C:\Program Files (x86)\python\Lib\site-packages\simplejson-2.6.2-py2.7.egg-info"
CreateDirectory: "C:\Program Files (x86)\python\Lib\site-packages\simplejson" (1)
File: overwriteflag=0, allowskipfilesflag=2, name="__init__.py"
File: wrote 20601 to "C:\Program Files (x86)\python\Lib\site-packages\simplejson\__init__.py"
File: overwriteflag=0, allowskipfilesflag=2, name="_speedups.pyd"
File: wrote 31232 to "C:\Program Files (x86)\python\Lib\site-packages\simplejson\_speedups.pyd"
File: overwriteflag=0, allowskipfilesflag=2, name="decoder.py"
File: wrote 15400 to "C:\Program Files (x86)\python\Lib\site-packages\simplejson\decoder.py"
File: overwriteflag=0, allowskipfilesflag=2, name="encoder.py"
File: wrote 21798 to "C:\Program Files (x86)\python\Lib\site-packages\simplejson\encoder.py"
File: overwriteflag=0, allowskipfilesflag=2, name="ordered_dict.py"
File: wrote 3370 to "C:\Program Files (x86)\python\Lib\site-packages\simplejson\ordered_dict.py"
File: overwriteflag=0, allowskipfilesflag=2, name="scanner.py"
File: wrote 2560 to "C:\Program Files (x86)\python\Lib\site-packages\simplejson\scanner.py"
File: overwriteflag=0, allowskipfilesflag=2, name="tool.py"
File: wrote 1021 to "C:\Program Files (x86)\python\Lib\site-packages\simplejson\tool.py"
CreateDirectory: "C:\Program Files (x86)\python\Lib\site-packages\simplejson\tests" (1)
CreateDirectory: "C:\Program Files (x86)\python\Lib\site-packages\simplejson\tests" created
File: overwriteflag=0, allowskipfilesflag=2, name="__init__.py"
File: wrote 2125 to "C:\Program Files (x86)\python\Lib\site-packages\simplejson\tests\__init__.py"
File: overwriteflag=0, allowskipfilesflag=2, name="test_bigint_as_string.py"
File: wrote 1802 to "C:\Program Files (x86)\python\Lib\site-packages\simplejson\tests\test_bigint_as_string.py"
File: overwriteflag=0, allowskipfilesflag=2, name="test_check_circular.py"
File: wrote 917 to "C:\Program Files (x86)\python\Lib\site-packages\simplejson\tests\test_check_circular.py"
File: overwriteflag=0, allowskipfilesflag=2, name="test_decimal.py"
File: wrote 2357 to "C:\Program Files (x86)\python\Lib\site-packages\simplejson\tests\test_decimal.py"
File: overwriteflag=0, allowskipfilesflag=2, name="test_decode.py"
File: wrote 3449 to "C:\Program Files (x86)\python\Lib\site-packages\simplejson\tests\test_decode.py"
File: overwriteflag=0, allowskipfilesflag=2, name="test_default.py"
File: wrote 222 to "C:\Program Files (x86)\python\Lib\site-packages\simplejson\tests\test_default.py"
File: overwriteflag=0, allowskipfilesflag=2, name="test_dump.py"
File: wrote 2544 to "C:\Program Files (x86)\python\Lib\site-packages\simplejson\tests\test_dump.py"
File: overwriteflag=0, allowskipfilesflag=2, name="test_encode_basestring_ascii.py"
File: wrote 2301 to "C:\Program Files (x86)\python\Lib\site-packages\simplejson\tests\test_encode_basestring_ascii.py"
File: overwriteflag=0, allowskipfilesflag=2, name="test_encode_for_html.py"
File: wrote 1022 to "C:\Program Files (x86)\python\Lib\site-packages\simplejson\tests\test_encode_for_html.py"
File: overwriteflag=0, allowskipfilesflag=2, name="test_errors.py"
File: wrote 1024 to "C:\Program Files (x86)\python\Lib\site-packages\simplejson\tests\test_errors.py"
File: overwriteflag=0, allowskipfilesflag=2, name="test_fail.py"
File: wrote 3555 to "C:\Program Files (x86)\python\Lib\site-packages\simplejson\tests\test_fail.py"
File: overwriteflag=0, allowskipfilesflag=2, name="test_float.py"
File: wrote 743 to "C:\Program Files (x86)\python\Lib\site-packages\simplejson\tests\test_float.py"
File: overwriteflag=0, allowskipfilesflag=2, name="test_indent.py"
File: wrote 2570 to "C:\Program Files (x86)\python\Lib\site-packages\simplejson\tests\test_indent.py"
File: overwriteflag=0, allowskipfilesflag=2, name="test_item_sort_key.py"
File: wrote 1130 to "C:\Program Files (x86)\python\Lib\site-packages\simplejson\tests\test_item_sort_key.py"
File: overwriteflag=0, allowskipfilesflag=2, name="test_namedtuple.py"
File: wrote 3956 to "C:\Program Files (x86)\python\Lib\site-packages\simplejson\tests\test_namedtuple.py"
File: overwriteflag=0, allowskipfilesflag=2, name="test_pass1.py"
File: wrote 1903 to "C:\Program Files (x86)\python\Lib\site-packages\simplejson\tests\test_pass1.py"
File: overwriteflag=0, allowskipfilesflag=2, name="test_pass2.py"
File: wrote 387 to "C:\Program Files (x86)\python\Lib\site-packages\simplejson\tests\test_pass2.py"
File: overwriteflag=0, allowskipfilesflag=2, name="test_pass3.py"
File: wrote 483 to "C:\Program Files (x86)\python\Lib\site-packages\simplejson\tests\test_pass3.py"
File: overwriteflag=0, allowskipfilesflag=2, name="test_recursion.py"
File: wrote 1680 to "C:\Program Files (x86)\python\Lib\site-packages\simplejson\tests\test_recursion.py"
File: overwriteflag=0, allowskipfilesflag=2, name="test_scanstring.py"
File: wrote 4060 to "C:\Program Files (x86)\python\Lib\site-packages\simplejson\tests\test_scanstring.py"
File: overwriteflag=0, allowskipfilesflag=2, name="test_separators.py"
File: wrote 945 to "C:\Program Files (x86)\python\Lib\site-packages\simplejson\tests\test_separators.py"
File: overwriteflag=0, allowskipfilesflag=2, name="test_speedups.py"
File: wrote 592 to "C:\Program Files (x86)\python\Lib\site-packages\simplejson\tests\test_speedups.py"
File: overwriteflag=0, allowskipfilesflag=2, name="test_tuple.py"
File: wrote 1842 to "C:\Program Files (x86)\python\Lib\site-packages\simplejson\tests\test_tuple.py"
File: overwriteflag=0, allowskipfilesflag=2, name="test_unicode.py"
File: wrote 4687 to "C:\Program Files (x86)\python\Lib\site-packages\simplejson\tests\test_unicode.py"
CreateDirectory: "C:\Program Files (x86)\python\Lib\site-packages" (1)
CreateDirectory: "C:\Program Files (x86)\python\Scripts" (1)
CreateDirectory: "C:\Program Files (x86)\python\Scripts" (1)
CreateDirectory: "C:\Program Files (x86)\python\DLLs" (1)
CreateDirectory: "C:\Program Files (x86)\python\DLLs" (1)
CreateDirectory: "C:\Program Files (x86)\python" (1)
CreateDirectory: "C:\Program Files (x86)\python" (1)
CreateDirectory: "C:\Program Files (x86)\python\doc\Libraries\simplejson" (1)
CreateDirectory: "C:\Program Files (x86)\python\doc\Libraries\simplejson" created
File: overwriteflag=0, allowskipfilesflag=2, name="CHANGES.txt"
File: wrote 11370 to "C:\Program Files (x86)\python\doc\Libraries\simplejson\CHANGES.txt"
File: overwriteflag=0, allowskipfilesflag=2, name="LICENSE.txt"
File: wrote 1056 to "C:\Program Files (x86)\python\doc\Libraries\simplejson\LICENSE.txt"
File: overwriteflag=0, allowskipfilesflag=2, name="Python Package Index - simplejson.url"
File: wrote 64 to "C:\Program Files (x86)\python\doc\Libraries\simplejson\Python Package Index - simplejson.url"
File: overwriteflag=0, allowskipfilesflag=2, name="README.rst"
File: wrote 770 to "C:\Program Files (x86)\python\doc\Libraries\simplejson\README.rst"
File: overwriteflag=0, allowskipfilesflag=2, name="simplejson.pdf"
File: wrote 142155 to "C:\Program Files (x86)\python\doc\Libraries\simplejson\simplejson.pdf"
CreateDirectory: "C:\Program Files (x86)\python\doc\Libraries\simplejson\docs" (1)
CreateDirectory: "C:\Program Files (x86)\python\doc\Libraries\simplejson\docs" created
File: overwriteflag=0, allowskipfilesflag=2, name=".buildinfo"
File: wrote 230 to "C:\Program Files (x86)\python\doc\Libraries\simplejson\docs\.buildinfo"
File: overwriteflag=0, allowskipfilesflag=2, name="README.html"
File: wrote 9003 to "C:\Program Files (x86)\python\doc\Libraries\simplejson\docs\README.html"
File: overwriteflag=0, allowskipfilesflag=2, name="genindex.html"
File: wrote 12596 to "C:\Program Files (x86)\python\doc\Libraries\simplejson\docs\genindex.html"
File: overwriteflag=0, allowskipfilesflag=2, name="index.html"
File: wrote 71693 to "C:\Program Files (x86)\python\doc\Libraries\simplejson\docs\index.html"
File: overwriteflag=0, allowskipfilesflag=2, name="objects.inv"
File: wrote 412 to "C:\Program Files (x86)\python\doc\Libraries\simplejson\docs\objects.inv"
File: overwriteflag=0, allowskipfilesflag=2, name="search.html"
File: wrote 8329 to "C:\Program Files (x86)\python\doc\Libraries\simplejson\docs\search.html"
File: overwriteflag=0, allowskipfilesflag=2, name="searchindex.js"
File: wrote 5140 to "C:\Program Files (x86)\python\doc\Libraries\simplejson\docs\searchindex.js"
CreateDirectory: "C:\Program Files (x86)\python\doc\Libraries\simplejson\docs\.doctrees" (1)
CreateDirectory: "C:\Program Files (x86)\python\doc\Libraries\simplejson\docs\.doctrees" created
File: overwriteflag=0, allowskipfilesflag=2, name="README.doctree"
File: wrote 4872 to "C:\Program Files (x86)\python\doc\Libraries\simplejson\docs\.doctrees\README.doctree"
File: overwriteflag=0, allowskipfilesflag=2, name="environment.pickle"
File: wrote 9805 to "C:\Program Files (x86)\python\doc\Libraries\simplejson\docs\.doctrees\environment.pickle"
File: overwriteflag=0, allowskipfilesflag=2, name="index.doctree"
File: wrote 177826 to "C:\Program Files (x86)\python\doc\Libraries\simplejson\docs\.doctrees\index.doctree"
CreateDirectory: "C:\Program Files (x86)\python\doc\Libraries\simplejson\docs\_sources" (1)
CreateDirectory: "C:\Program Files (x86)\python\doc\Libraries\simplejson\docs\_sources" created
File: overwriteflag=0, allowskipfilesflag=2, name="README.txt"
File: wrote 770 to "C:\Program Files (x86)\python\doc\Libraries\simplejson\docs\_sources\README.txt"
File: overwriteflag=0, allowskipfilesflag=2, name="index.txt"
File: wrote 25527 to "C:\Program Files (x86)\python\doc\Libraries\simplejson\docs\_sources\index.txt"
CreateDirectory: "C:\Program Files (x86)\python\doc\Libraries\simplejson\docs\_static" (1)
CreateDirectory: "C:\Program Files (x86)\python\doc\Libraries\simplejson\docs\_static" created
File: overwriteflag=0, allowskipfilesflag=2, name="ajax-loader.gif"
File: wrote 673 to "C:\Program Files (x86)\python\doc\Libraries\simplejson\docs\_static\ajax-loader.gif"
File: overwriteflag=0, allowskipfilesflag=2, name="basic.css"
File: wrote 8441 to "C:\Program Files (x86)\python\doc\Libraries\simplejson\docs\_static\basic.css"
File: overwriteflag=0, allowskipfilesflag=2, name="comment-bright.png"
File: wrote 3500 to "C:\Program Files (x86)\python\doc\Libraries\simplejson\docs\_static\comment-bright.png"
File: overwriteflag=0, allowskipfilesflag=2, name="comment-close.png"
File: wrote 3578 to "C:\Program Files (x86)\python\doc\Libraries\simplejson\docs\_static\comment-close.png"
File: overwriteflag=0, allowskipfilesflag=2, name="comment.png"
File: wrote 3445 to "C:\Program Files (x86)\python\doc\Libraries\simplejson\docs\_static\comment.png"
File: overwriteflag=0, allowskipfilesflag=2, name="default.css"
File: wrote 4040 to "C:\Program Files (x86)\python\doc\Libraries\simplejson\docs\_static\default.css"
File: overwriteflag=0, allowskipfilesflag=2, name="doctools.js"
File: wrote 6840 to "C:\Program Files (x86)\python\doc\Libraries\simplejson\docs\_static\doctools.js"
File: overwriteflag=0, allowskipfilesflag=2, name="down-pressed.png"
File: wrote 368 to "C:\Program Files (x86)\python\doc\Libraries\simplejson\docs\_static\down-pressed.png"
File: overwriteflag=0, allowskipfilesflag=2, name="down.png"
File: wrote 363 to "C:\Program Files (x86)\python\doc\Libraries\simplejson\docs\_static\down.png"
File: overwriteflag=0, allowskipfilesflag=2, name="file.png"
File: wrote 392 to "C:\Program Files (x86)\python\doc\Libraries\simplejson\docs\_static\file.png"
File: overwriteflag=0, allowskipfilesflag=2, name="jquery.js"
File: wrote 72174 to "C:\Program Files (x86)\python\doc\Libraries\simplejson\docs\_static\jquery.js"
File: overwriteflag=0, allowskipfilesflag=2, name="minus.png"
File: wrote 199 to "C:\Program Files (x86)\python\doc\Libraries\simplejson\docs\_static\minus.png"
File: overwriteflag=0, allowskipfilesflag=2, name="plus.png"
File: wrote 199 to "C:\Program Files (x86)\python\doc\Libraries\simplejson\docs\_static\plus.png"
File: overwriteflag=0, allowskipfilesflag=2, name="pygments.css"
File: wrote 3932 to "C:\Program Files (x86)\python\doc\Libraries\simplejson\docs\_static\pygments.css"
File: overwriteflag=0, allowskipfilesflag=2, name="rtd.css"
File: wrote 15625 to "C:\Program Files (x86)\python\doc\Libraries\simplejson\docs\_static\rtd.css"
File: overwriteflag=0, allowskipfilesflag=2, name="searchtools.js"
File: wrote 16043 to "C:\Program Files (x86)\python\doc\Libraries\simplejson\docs\_static\searchtools.js"
File: overwriteflag=0, allowskipfilesflag=2, name="sidebar.js"
File: wrote 4740 to "C:\Program Files (x86)\python\doc\Libraries\simplejson\docs\_static\sidebar.js"
File: overwriteflag=0, allowskipfilesflag=2, name="underscore.js"
File: wrote 8574 to "C:\Program Files (x86)\python\doc\Libraries\simplejson\docs\_static\underscore.js"
File: overwriteflag=0, allowskipfilesflag=2, name="up-pressed.png"
File: wrote 372 to "C:\Program Files (x86)\python\doc\Libraries\simplejson\docs\_static\up-pressed.png"
File: overwriteflag=0, allowskipfilesflag=2, name="up.png"
File: wrote 363 to "C:\Program Files (x86)\python\doc\Libraries\simplejson\docs\_static\up.png"
File: overwriteflag=0, allowskipfilesflag=2, name="websupport.js"
File: wrote 25246 to "C:\Program Files (x86)\python\doc\Libraries\simplejson\docs\_static\websupport.js"
CreateDirectory: "C:\Program Files (x86)\python\doc\Libraries\simplejson" (1)
CreateDirectory: "C:\Program Files (x86)\python" (1)
RMDir: "C:\Program Files (x86)\python\doc\Libraries\simplejson"
RMDir: RemoveDirectory("C:\Program Files (x86)\python\doc\Libraries\simplejson\")
RMDir: RemoveDirectory failed("C:\Program Files (x86)\python\doc\Libraries\simplejson\")
WriteRegStr: "HKEY_LOCAL_MACHINE\Software\simplejson" ""="C:\Program Files (x86)\python\Lib\site-packages\simplejson"
WriteRegStr: "HKEY_LOCAL_MACHINE\Software\simplejson" "Version"="2.6.2-1"
WriteRegStr: "HKEY_LOCAL_MACHINE\Software\simplejson" "ParentPath"="C:\Program Files (x86)\python"
WriteRegStr: "HKEY_LOCAL_MACHINE\Software\simplejson" "URL"="http://pypi.python.org/pypi/simplejson/"
WriteRegStr: "HKEY_LOCAL_MACHINE\Software\Microsoft\Windows\CurrentVersion\Uninstall\Python 2.7 - simplejson 2.6.2-1" "DisplayName"="Python 2.7 - simplejson 2.6.2-1"
WriteRegStr: "HKEY_LOCAL_MACHINE\Software\Microsoft\Windows\CurrentVersion\Uninstall\Python 2.7 - simplejson 2.6.2-1" "UninstallString"="C:\Program Files (x86)\python\Lib\site-packages\simplejson\Uninstall.exe"
WriteRegStr: "HKEY_LOCAL_MACHINE\Software\Microsoft\Windows\CurrentVersion\Uninstall\Python 2.7 - simplejson 2.6.2-1" "InstallLocation"="C:\Program Files (x86)\python\Lib\site-packages\simplejson"
WriteRegStr: "HKEY_LOCAL_MACHINE\Software\Microsoft\Windows\CurrentVersion\Uninstall\Python 2.7 - simplejson 2.6.2-1" "DisplayIcon"="C:\Program Files (x86)\python\Lib\site-packages\simplejson\python.ico"
WriteRegStr: "HKEY_LOCAL_MACHINE\Software\Microsoft\Windows\CurrentVersion\Uninstall\Python 2.7 - simplejson 2.6.2-1" "Publisher"="pythonxy.com"
WriteRegStr: "HKEY_LOCAL_MACHINE\Software\Microsoft\Windows\CurrentVersion\Uninstall\Python 2.7 - simplejson 2.6.2-1" "DisplayVersion"="2.6.2-1"
WriteRegDWORD: "HKEY_LOCAL_MACHINE\Software\Microsoft\Windows\CurrentVersion\Uninstall\Python 2.7 - simplejson 2.6.2-1" "NoModify"="0x00000001"
WriteRegDWORD: "HKEY_LOCAL_MACHINE\Software\Microsoft\Windows\CurrentVersion\Uninstall\Python 2.7 - simplejson 2.6.2-1" "NoRepair"="0x00000001"
WriteRegStr: "HKEY_LOCAL_MACHINE\Software\Microsoft\Windows\CurrentVersion\Uninstall\Python 2.7 - simplejson 2.6.2-1" "ParentDisplayName"="Python(x,y)"
WriteRegStr: "HKEY_LOCAL_MACHINE\Software\Microsoft\Windows\CurrentVersion\Uninstall\Python 2.7 - simplejson 2.6.2-1" "ParentKeyName"="Python(x,y)"
WriteRegStr: "HKEY_LOCAL_MACHINE\Software\Python(x,y)\uninstall" "simplejson"="C:\Program Files (x86)\python\Lib\site-packages\simplejson"
created uninstaller: 10029, "C:\Program Files (x86)\python\Lib\site-packages\simplejson\Uninstall.exe"
IfFileExists: file "C:\Program Files (x86)\python\Scripts\simplejson_postinstall.py" does not exist, jumping 558
IfFileExists: file "C:\Program Files (x86)\python\Scripts\simplejson_win_post_install.py" does not exist, jumping 565
Delete: DeleteFile("C:\Users\elaineo\AppData\Local\Temp\nsz351.tmp\System.dll")
RMDir: RemoveDirectory("C:\Users\elaineo\AppData\Local\Temp\nsz351.tmp\")
